<?xml version="1.0" encoding="UTF-8"?>
<testng-results skipped="0" failed="0" ignored="0" total="1" passed="1">
  <reporter-output>
  </reporter-output>
  <suite name="Suite" duration-ms="1871" started-at="2021-12-02T07:04:07Z" finished-at="2021-12-02T07:04:09Z">
    <groups>
    </groups>
    <test name="Test" duration-ms="1871" started-at="2021-12-02T07:04:07Z" finished-at="2021-12-02T07:04:09Z">
      <class name="restAPIChaining.EndToEndTest">
        <test-method status="PASS" signature="test1()[pri:0, instance:restAPIChaining.EndToEndTest@305fd85d]" name="test1" duration-ms="1850" started-at="2021-12-02T07:04:07Z" finished-at="2021-12-02T07:04:09Z">
          <reporter-output>
          </reporter-output>
        </test-method> <!-- test1 -->
      </class> <!-- restAPIChaining.EndToEndTest -->
    </test> <!-- Test -->
  </suite> <!-- Suite -->
</testng-results>
